<?xml version="1.0" encoding="UTF-8"?>
<!-- Generated by org.testng.reporters.JUnitXMLReporter -->
<testsuite ignored="0" hostname="DESKTOP-0NRI35O" failures="1" tests="1" name="Test" time="0.135" errors="0" timestamp="12 Dec 2019 03:34:38 GMT">
  <testcase classname="org.paytm.testcases.PrePaid" name="click_prepaidlink" time="0.026">
    <failure type="java.lang.NullPointerException">
      <![CDATA[java.lang.NullPointerException
at org.openqa.selenium.support.pagefactory.DefaultElementLocator.findElement(DefaultElementLocator.java:69)
at org.openqa.selenium.support.pagefactory.internal.LocatingElementHandler.invoke(LocatingElementHandler.java:38)
at com.sun.proxy.$Proxy9.click(Unknown Source)
at org.paytm.base.BaseClass.elemenToBeClicked(BaseClass.java:47)
at org.paytm.base.MainClass.click_prepaidlink(MainClass.java:30)
at org.paytm.testcases.PrePaid.click_prepaidlink(PrePaid.java:13)
... Removed 25 stack frames]]>
    </failure>
  </testcase> <!-- click_prepaidlink -->
</testsuite> <!-- Test -->
