<?xml version="1.0" encoding="UTF-8"?>
<testng-results ignored="0" total="1" passed="1" failed="0" skipped="0">
  <reporter-output>
  </reporter-output>
  <suite started-at="2020-02-29T19:51:32 IST" name="Suite" finished-at="2020-02-29T19:51:36 IST" duration-ms="3467">
    <groups>
    </groups>
    <test started-at="2020-02-29T19:51:32 IST" name="Test" finished-at="2020-02-29T19:51:36 IST" duration-ms="3467">
      <class name="org.paytm.testcases.PostPaidTest">
        <test-method is-config="true" signature="browserSelection(java.lang.String)[pri:0, instance:org.paytm.testcases.PostPaidTest@6d4d66d2]" started-at="2020-02-29T19:50:44 IST" name="browserSelection" finished-at="2020-02-29T19:51:32 IST" duration-ms="47988" status="PASS">
          <params>
            <param index="0">
              <value>
                <![CDATA[firefox]]>
              </value>
            </param>
          </params>
          <reporter-output>
          </reporter-output>
        </test-method> <!-- browserSelection -->
        <test-method is-config="true" signature="initiateReport()[pri:0, instance:org.paytm.testcases.PostPaidTest@6d4d66d2]" started-at="2020-02-29T19:51:32 IST" name="initiateReport" finished-at="2020-02-29T19:51:32 IST" duration-ms="7" status="PASS">
          <reporter-output>
          </reporter-output>
        </test-method> <!-- initiateReport -->
        <test-method signature="postPaid_page_verification()[pri:0, instance:org.paytm.testcases.PostPaidTest@6d4d66d2]" started-at="2020-02-29T19:51:32 IST" name="postPaid_page_verification" finished-at="2020-02-29T19:51:35 IST" duration-ms="2043" status="PASS">
          <reporter-output>
          </reporter-output>
        </test-method> <!-- postPaid_page_verification -->
        <test-method is-config="true" signature="closeReport()[pri:0, instance:org.paytm.testcases.PostPaidTest@6d4d66d2]" started-at="2020-02-29T19:51:35 IST" name="closeReport" finished-at="2020-02-29T19:51:36 IST" duration-ms="1367" status="PASS">
          <reporter-output>
          </reporter-output>
        </test-method> <!-- closeReport -->
        <test-method is-config="true" signature="tearDown()[pri:0, instance:org.paytm.testcases.PostPaidTest@6d4d66d2]" started-at="2020-02-29T19:51:36 IST" name="tearDown" finished-at="2020-02-29T19:51:37 IST" duration-ms="920" status="PASS">
          <reporter-output>
          </reporter-output>
        </test-method> <!-- tearDown -->
      </class> <!-- org.paytm.testcases.PostPaidTest -->
    </test> <!-- Test -->
  </suite> <!-- Suite -->
</testng-results>
